<?xml version="1.0" encoding="UTF-8"?>
<!-- Generated by org.testng.reporters.JUnitReportReporter -->
<testsuite hostname="PC-DEV15" failures="0" tests="1" name="com.saphir.platforme.SiteRunner" time="74.158" errors="0" timestamp="2023-10-13T02:29:00 CEST" skipped="0">
  <testcase classname="com.saphir.platforme.SiteRunner" name="runScenario" time="74.158"/>
  <system-out/>
</testsuite> <!-- com.saphir.platforme.SiteRunner -->
