<?xml version="1.0" encoding="UTF-8"?>
<!-- Generated by org.testng.reporters.JUnitReportReporter -->
<testsuite hostname="PC-DEV15" failures="0" tests="1" name="com.saphir.platforme.ActiviteRunner" time="89.028" errors="0" timestamp="2023-07-28T12:27:10 CEST" skipped="0">
  <testcase classname="com.saphir.platforme.ActiviteRunner" name="runScenario" time="89.028"/>
  <system-out/>
</testsuite> <!-- com.saphir.platforme.ActiviteRunner -->
