<?xml version="1.0" encoding="UTF-8"?>
<!-- Generated by org.testng.reporters.JUnitReportReporter -->
<testsuite hostname="PC-DEV15" failures="0" tests="6" name="com.saphir.platforme.SpecfiqueActionRunner" time="55.502" errors="6" timestamp="2023-07-27T12:29:34 CEST" skipped="0">
  <testcase classname="com.saphir.platforme.SpecfiqueActionRunner" name="runScenario" time="3.559">
    <error message="Cannot invoke &quot;com.saphir.platforme.entity.Action.getRespTraitement()&quot; because &quot;com.saphir.platforme.moduleAction.stepdefs.FicheActionStepDefinition.action&quot; is null" type="java.lang.NullPointerException">
      <![CDATA[java.lang.NullPointerException: Cannot invoke "com.saphir.platforme.entity.Action.getRespTraitement()" because "com.saphir.platforme.moduleAction.stepdefs.FicheActionStepDefinition.action" is null
at com.saphir.platforme.moduleAction.stepdefs.FicheActionStepDefinition.connecter_en_tant_que_responsable_réalisation(FicheActionStepDefinition.java:918)
at ✽.Connecter en tant que responsable réalisation(file:///E:/qualipro/trunk/platforme_test_automation_backend/src/main/java/com/saphir/platforme/features/moduleAction/Action.feature:120)
]]>
    </error>
  </testcase> <!-- runScenario -->
  <system-out/>
  <testcase classname="com.saphir.platforme.SpecfiqueActionRunner" name="runScenario" time="3.720">
    <error message="Cannot invoke &quot;com.saphir.platforme.entity.Action.getDechlencheur()&quot; because &quot;com.saphir.platforme.moduleAction.stepdefs.FicheActionStepDefinition.action&quot; is null" type="java.lang.NullPointerException">
      <![CDATA[java.lang.NullPointerException: Cannot invoke "com.saphir.platforme.entity.Action.getDechlencheur()" because "com.saphir.platforme.moduleAction.stepdefs.FicheActionStepDefinition.action" is null
at com.saphir.platforme.moduleAction.stepdefs.FicheActionStepDefinition.connecter_en_tant_declencheur_que_de_action(FicheActionStepDefinition.java:81)
at ✽.Connecter en tant declencheur que de  action(file:///E:/qualipro/trunk/platforme_test_automation_backend/src/main/java/com/saphir/platforme/features/moduleAction/Action.feature:161)
]]>
    </error>
  </testcase> <!-- runScenario -->
  <system-out/>
  <testcase classname="com.saphir.platforme.SpecfiqueActionRunner" name="runScenario" time="3.608">
    <error message="Cannot invoke &quot;com.saphir.platforme.entity.Action.getRespTraitement()&quot; because &quot;com.saphir.platforme.moduleAction.stepdefs.FicheActionStepDefinition.action&quot; is null" type="java.lang.NullPointerException">
      <![CDATA[java.lang.NullPointerException: Cannot invoke "com.saphir.platforme.entity.Action.getRespTraitement()" because "com.saphir.platforme.moduleAction.stepdefs.FicheActionStepDefinition.action" is null
at com.saphir.platforme.moduleAction.stepdefs.FicheActionStepDefinition.connecter_en_tant_que_responsable_réalisation(FicheActionStepDefinition.java:918)
at ✽.Connecter en tant que responsable réalisation(file:///E:/qualipro/trunk/platforme_test_automation_backend/src/main/java/com/saphir/platforme/features/moduleAction/Action.feature:88)
]]>
    </error>
  </testcase> <!-- runScenario -->
  <system-out/>
  <testcase classname="com.saphir.platforme.SpecfiqueActionRunner" name="runScenario" time="37.273">
    <error message="Cannot invoke &quot;com.saphir.platforme.entity.Action.getDechlencheur()&quot; because &quot;com.saphir.platforme.moduleAction.stepdefs.FicheActionStepDefinition.action&quot; is null" type="java.lang.NullPointerException">
      <![CDATA[java.lang.NullPointerException: Cannot invoke "com.saphir.platforme.entity.Action.getDechlencheur()" because "com.saphir.platforme.moduleAction.stepdefs.FicheActionStepDefinition.action" is null
at com.saphir.platforme.moduleAction.stepdefs.FicheActionStepDefinition.connecter_en_tant_declencheur_que_de_action(FicheActionStepDefinition.java:81)
at ✽.Connecter en tant declencheur que de  action(file:///E:/qualipro/trunk/platforme_test_automation_backend/src/main/java/com/saphir/platforme/features/moduleAction/Action.feature:41)
]]>
    </error>
  </testcase> <!-- runScenario -->
  <system-out/>
  <testcase classname="com.saphir.platforme.SpecfiqueActionRunner" name="runScenario" time="3.636">
    <error message="Cannot invoke &quot;com.saphir.platforme.entity.Action.getRespSuivi()&quot; because &quot;com.saphir.platforme.moduleAction.stepdefs.FicheActionStepDefinition.action&quot; is null" type="java.lang.NullPointerException">
      <![CDATA[java.lang.NullPointerException: Cannot invoke "com.saphir.platforme.entity.Action.getRespSuivi()" because "com.saphir.platforme.moduleAction.stepdefs.FicheActionStepDefinition.action" is null
at com.saphir.platforme.moduleAction.stepdefs.FicheActionStepDefinition.connecter_en_tant_que_responsable_suivi(FicheActionStepDefinition.java:925)
at ✽.Connecter en tant que responsable suivi(file:///E:/qualipro/trunk/platforme_test_automation_backend/src/main/java/com/saphir/platforme/features/moduleAction/Action.feature:104)
]]>
    </error>
  </testcase> <!-- runScenario -->
  <system-out/>
  <testcase classname="com.saphir.platforme.SpecfiqueActionRunner" name="runScenario" time="3.706">
    <error message="Cannot invoke &quot;com.saphir.platforme.entity.Action.getRespSuivi()&quot; because &quot;com.saphir.platforme.moduleAction.stepdefs.FicheActionStepDefinition.action&quot; is null" type="java.lang.NullPointerException">
      <![CDATA[java.lang.NullPointerException: Cannot invoke "com.saphir.platforme.entity.Action.getRespSuivi()" because "com.saphir.platforme.moduleAction.stepdefs.FicheActionStepDefinition.action" is null
at com.saphir.platforme.moduleAction.stepdefs.FicheActionStepDefinition.connecter_en_tant_que_responsable_suivi(FicheActionStepDefinition.java:925)
at ✽.Connecter en tant que responsable suivi(file:///E:/qualipro/trunk/platforme_test_automation_backend/src/main/java/com/saphir/platforme/features/moduleAction/Action.feature:135)
]]>
    </error>
  </testcase> <!-- runScenario -->
  <system-out/>
</testsuite> <!-- com.saphir.platforme.SpecfiqueActionRunner -->
