<?xml version="1.0" encoding="UTF-8"?>
<!-- Generated by org.testng.reporters.JUnitReportReporter -->
<testsuite hostname="PC-DEV15" failures="0" tests="1" name="com.saphir.platforme.ActiviteRunner" time="122.595" errors="0" timestamp="2023-08-10T22:51:36 CEST" skipped="0">
  <testcase classname="com.saphir.platforme.ActiviteRunner" name="runScenario" time="122.595"/>
  <system-out/>
</testsuite> <!-- com.saphir.platforme.ActiviteRunner -->
