<?xml version="1.0" encoding="UTF-8"?>
<!-- Generated by org.testng.reporters.JUnitReportReporter -->
<testsuite hostname="PC-DEV15" failures="0" tests="8" name="com.saphir.platforme.ActionSimplifierRunner" time="519.345" errors="0" timestamp="2023-08-16T02:48:01 CEST" skipped="0">
  <testcase classname="com.saphir.platforme.ActionSimplifierRunner" name="runScenario" time="68.326"/>
  <system-out/>
  <testcase classname="com.saphir.platforme.ActionSimplifierRunner" name="runScenario" time="51.939"/>
  <system-out/>
  <testcase classname="com.saphir.platforme.ActionSimplifierRunner" name="runScenario" time="52.992"/>
  <system-out/>
  <testcase classname="com.saphir.platforme.ActionSimplifierRunner" name="runScenario" time="48.418"/>
  <system-out/>
  <testcase classname="com.saphir.platforme.ActionSimplifierRunner" name="runScenario" time="87.539"/>
  <system-out/>
  <testcase classname="com.saphir.platforme.ActionSimplifierRunner" name="runScenario" time="78.104"/>
  <system-out/>
  <testcase classname="com.saphir.platforme.ActionSimplifierRunner" name="runScenario" time="68.211"/>
  <system-out/>
  <testcase classname="com.saphir.platforme.ActionSimplifierRunner" name="runScenario" time="63.816"/>
  <system-out/>
</testsuite> <!-- com.saphir.platforme.ActionSimplifierRunner -->
