<?xml version="1.0" encoding="UTF-8"?>
<!-- Generated by org.testng.reporters.JUnitReportReporter -->
<testsuite hostname="PC-DEV15" failures="0" tests="8" name="com.saphir.platforme.ActionSimplifierRunner" time="515.462" errors="0" timestamp="2023-08-25T02:04:59 CEST" skipped="0">
  <testcase classname="com.saphir.platforme.ActionSimplifierRunner" name="runScenario" time="54.016"/>
  <system-out/>
  <testcase classname="com.saphir.platforme.ActionSimplifierRunner" name="runScenario" time="88.250"/>
  <system-out/>
  <testcase classname="com.saphir.platforme.ActionSimplifierRunner" name="runScenario" time="75.680"/>
  <system-out/>
  <testcase classname="com.saphir.platforme.ActionSimplifierRunner" name="runScenario" time="50.298"/>
  <system-out/>
  <testcase classname="com.saphir.platforme.ActionSimplifierRunner" name="runScenario" time="67.531"/>
  <system-out/>
  <testcase classname="com.saphir.platforme.ActionSimplifierRunner" name="runScenario" time="63.728"/>
  <system-out/>
  <testcase classname="com.saphir.platforme.ActionSimplifierRunner" name="runScenario" time="69.158"/>
  <system-out/>
  <testcase classname="com.saphir.platforme.ActionSimplifierRunner" name="runScenario" time="46.801"/>
  <system-out/>
</testsuite> <!-- com.saphir.platforme.ActionSimplifierRunner -->
