<?xml version="1.0" encoding="UTF-8"?>
<!-- Generated by org.testng.reporters.JUnitReportReporter -->
<testsuite hostname="PC-DEV15" failures="0" tests="1" name="com.saphir.platforme.ActionRunner" time="271.019" errors="0" timestamp="2023-06-29T02:59:04 CEST" skipped="0">
  <testcase classname="com.saphir.platforme.ActionRunner" name="runScenario" time="271.019"/>
  <system-out/>
</testsuite> <!-- com.saphir.platforme.ActionRunner -->
