<?xml version="1.0" encoding="UTF-8"?>
<!-- Generated by org.testng.reporters.JUnitReportReporter -->
<testsuite hostname="PC-DEV15" failures="0" tests="8" name="com.saphir.platforme.ActionRunner" time="622.543" errors="0" timestamp="2023-08-29T16:06:06 CEST" skipped="0">
  <testcase classname="com.saphir.platforme.ActionRunner" name="runScenario" time="60.250"/>
  <system-out/>
  <testcase classname="com.saphir.platforme.ActionRunner" name="runScenario" time="50.252"/>
  <system-out/>
  <testcase classname="com.saphir.platforme.ActionRunner" name="runScenario" time="82.899"/>
  <system-out/>
  <testcase classname="com.saphir.platforme.ActionRunner" name="runScenario" time="92.555"/>
  <system-out/>
  <testcase classname="com.saphir.platforme.ActionRunner" name="runScenario" time="65.802"/>
  <system-out/>
  <testcase classname="com.saphir.platforme.ActionRunner" name="runScenario" time="65.372"/>
  <system-out/>
  <testcase classname="com.saphir.platforme.ActionRunner" name="runScenario" time="123.671"/>
  <system-out/>
  <testcase classname="com.saphir.platforme.ActionRunner" name="runScenario" time="81.742"/>
  <system-out/>
</testsuite> <!-- com.saphir.platforme.ActionRunner -->
