<?xml version="1.0" encoding="UTF-8"?>
<!-- Generated by org.testng.reporters.JUnitReportReporter -->
<testsuite hostname="PC-DEV15" failures="0" tests="2" name="com.saphir.platforme.ActionRunner" time="176.445" errors="0" timestamp="2023-06-12T00:52:49 CEST" skipped="0">
  <testcase classname="com.saphir.platforme.ActionRunner" name="runScenario" time="75.499"/>
  <system-out/>
  <testcase classname="com.saphir.platforme.ActionRunner" name="runScenario" time="100.946"/>
  <system-out/>
</testsuite> <!-- com.saphir.platforme.ActionRunner -->
