<?xml version="1.0" encoding="UTF-8"?>
<!-- Generated by org.testng.reporters.JUnitReportReporter -->
<testsuite hostname="PC-DEV15" failures="0" tests="1" name="com.saphir.platforme.ProcessusRunner" time="45.444" errors="0" timestamp="2023-10-13T02:43:51 CEST" skipped="0">
  <testcase classname="com.saphir.platforme.ProcessusRunner" name="runScenario" time="45.444"/>
  <system-out/>
</testsuite> <!-- com.saphir.platforme.ProcessusRunner -->
